<?xml version="1.0" encoding="UTF-8"?>
<!-- Generated by org.testng.reporters.JUnitXMLReporter -->
<testsuite ignored="16" hostname="Manikantha-Sindiri" failures="1" tests="9" name="Zaperr Admin Panel Tests" time="333.15" errors="0" timestamp="2025-12-03T15:16:40 IST">
  <testcase classname="com.zaperr.tests.LoginLogoutTest" name="loginLogoutFlow" time="9.565"/>
  <testcase classname="com.zaperr.tests.DashboardMenuButtonNavigationTest" name="dashboardMenuNavigation" time="13.049"/>
  <testcase classname="com.zaperr.tests.MerchantOrFAdminAutoLoginTest" name="merchantOrFAdminAutoLogin" time="14.011"/>
  <testcase classname="com.zaperr.tests.OrdersStatusUpdateOrderAssignTest" name="ordersStatusUpdateAndAssign" time="29.728"/>
  <testcase classname="com.zaperr.tests.CustomersTest" name="customersFilterAndLogout" time="13.844">
    <failure type="java.lang.RuntimeException" message="org.openqa.selenium.ElementClickInterceptedException: element click intercepted: Element &amp;lt;span class=&amp;quot;MuiTypography-root MuiTypography-body1 MuiListItemText-primary css-10kunf-MuiTypography-root&amp;quot;&amp;gt;...&amp;lt;/span&amp;gt; is not clickable at point (119, 240). Other element would receive the click: &amp;lt;div class=&amp;quot;css-183mqmm&amp;quot;&amp;gt;...&amp;lt;/div&amp;gt;
  (Session info: chrome=142.0.7444.176)
Build info: version: &amp;apos;4.25.0&amp;apos;, revision: &amp;apos;8a8aea2337&amp;apos;
System info: os.name: &amp;apos;Windows 11&amp;apos;, os.arch: &amp;apos;amd64&amp;apos;, os.version: &amp;apos;10.0&amp;apos;, java.version: &amp;apos;22.0.2&amp;apos;
Driver info: org.openqa.selenium.chrome.ChromeDriver
Command: [393694e65d5c537bb7d35366562efe08, clickElement {id=f.B50ADBC65648340DF3C1F721F3E62259.d.335A52685F866B5796ED6B2B2099CD2C.e.34}]
Capabilities {acceptInsecureCerts: false, browserName: chrome, browserVersion: 142.0.7444.176, chrome: {chromedriverVersion: 141.0.7390.78 (2b53b0e231fc..., userDataDir: C:\Users\user\AppData\Local...}, fedcm:accounts: true, goog:chromeOptions: {debuggerAddress: localhost:62765}, networkConnectionEnabled: false, pageLoadStrategy: normal, platformName: windows, proxy: Proxy(), se:cdp: ws://localhost:62765/devtoo..., se:cdpVersion: 142.0.7444.176, setWindowRect: true, strictFileInteractability: false, timeouts: {implicit: 0, pageLoad: 300000, script: 30000}, unhandledPromptBehavior: dismiss and notify, webauthn:extension:credBlob: true, webauthn:extension:largeBlob: true, webauthn:extension:minPinLength: true, webauthn:extension:prf: true, webauthn:virtualAuthenticators: true}
Element: [[ChromeDriver: chrome on windows (393694e65d5c537bb7d35366562efe08)] -&amp;gt; css selector: .MuiListItem-root:nth-child(4) .MuiTypography-root]
Session ID: 393694e65d5c537bb7d35366562efe08">
      <![CDATA[java.lang.RuntimeException: org.openqa.selenium.ElementClickInterceptedException: element click intercepted: Element <span class="MuiTypography-root MuiTypography-body1 MuiListItemText-primary css-10kunf-MuiTypography-root">...</span> is not clickable at point (119, 240). Other element would receive the click: <div class="css-183mqmm">...</div>
  (Session info: chrome=142.0.7444.176)
Build info: version: '4.25.0', revision: '8a8aea2337'
System info: os.name: 'Windows 11', os.arch: 'amd64', os.version: '10.0', java.version: '22.0.2'
Driver info: org.openqa.selenium.chrome.ChromeDriver
Command: [393694e65d5c537bb7d35366562efe08, clickElement {id=f.B50ADBC65648340DF3C1F721F3E62259.d.335A52685F866B5796ED6B2B2099CD2C.e.34}]
Capabilities {acceptInsecureCerts: false, browserName: chrome, browserVersion: 142.0.7444.176, chrome: {chromedriverVersion: 141.0.7390.78 (2b53b0e231fc..., userDataDir: C:\Users\user\AppData\Local...}, fedcm:accounts: true, goog:chromeOptions: {debuggerAddress: localhost:62765}, networkConnectionEnabled: false, pageLoadStrategy: normal, platformName: windows, proxy: Proxy(), se:cdp: ws://localhost:62765/devtoo..., se:cdpVersion: 142.0.7444.176, setWindowRect: true, strictFileInteractability: false, timeouts: {implicit: 0, pageLoad: 300000, script: 30000}, unhandledPromptBehavior: dismiss and notify, webauthn:extension:credBlob: true, webauthn:extension:largeBlob: true, webauthn:extension:minPinLength: true, webauthn:extension:prf: true, webauthn:virtualAuthenticators: true}
Element: [[ChromeDriver: chrome on windows (393694e65d5c537bb7d35366562efe08)] -> css selector: .MuiListItem-root:nth-child(4) .MuiTypography-root]
Session ID: 393694e65d5c537bb7d35366562efe08
at com.zaperr.tests.CustomersTest.customersFilterAndLogout(CustomersTest.java:67)
at java.base/java.util.ArrayList.forEach(ArrayList.java:1597)
Caused by: org.openqa.selenium.ElementClickInterceptedException: element click intercepted: Element <span class="MuiTypography-root MuiTypography-body1 MuiListItemText-primary css-10kunf-MuiTypography-root">...</span> is not clickable at point (119, 240). Other element would receive the click: <div class="css-183mqmm">...</div>
  (Session info: chrome=142.0.7444.176)
Build info: version: '4.25.0', revision: '8a8aea2337'
System info: os.name: 'Windows 11', os.arch: 'amd64', os.version: '10.0', java.version: '22.0.2'
Driver info: org.openqa.selenium.chrome.ChromeDriver
Command: [393694e65d5c537bb7d35366562efe08, clickElement {id=f.B50ADBC65648340DF3C1F721F3E62259.d.335A52685F866B5796ED6B2B2099CD2C.e.34}]
Capabilities {acceptInsecureCerts: false, browserName: chrome, browserVersion: 142.0.7444.176, chrome: {chromedriverVersion: 141.0.7390.78 (2b53b0e231fc..., userDataDir: C:\Users\user\AppData\Local...}, fedcm:accounts: true, goog:chromeOptions: {debuggerAddress: localhost:62765}, networkConnectionEnabled: false, pageLoadStrategy: normal, platformName: windows, proxy: Proxy(), se:cdp: ws://localhost:62765/devtoo..., se:cdpVersion: 142.0.7444.176, setWindowRect: true, strictFileInteractability: false, timeouts: {implicit: 0, pageLoad: 300000, script: 30000}, unhandledPromptBehavior: dismiss and notify, webauthn:extension:credBlob: true, webauthn:extension:largeBlob: true, webauthn:extension:minPinLength: true, webauthn:extension:prf: true, webauthn:virtualAuthenticators: true}
Element: [[ChromeDriver: chrome on windows (393694e65d5c537bb7d35366562efe08)] -> css selector: .MuiListItem-root:nth-child(4) .MuiTypography-root]
Session ID: 393694e65d5c537bb7d35366562efe08
at org.openqa.selenium.remote.ErrorCodec.decode(ErrorCodec.java:167)
at org.openqa.selenium.remote.codec.w3c.W3CHttpResponseCodec.decode(W3CHttpResponseCodec.java:138)
at org.openqa.selenium.remote.codec.w3c.W3CHttpResponseCodec.decode(W3CHttpResponseCodec.java:50)
at org.openqa.selenium.remote.HttpCommandExecutor.execute(HttpCommandExecutor.java:190)
at org.openqa.selenium.remote.service.DriverCommandExecutor.invokeExecute(DriverCommandExecutor.java:216)
at org.openqa.selenium.remote.service.DriverCommandExecutor.execute(DriverCommandExecutor.java:174)
at org.openqa.selenium.remote.RemoteWebDriver.execute(RemoteWebDriver.java:545)
at org.openqa.selenium.remote.RemoteWebElement.execute(RemoteWebElement.java:223)
at org.openqa.selenium.remote.RemoteWebElement.click(RemoteWebElement.java:76)
at com.zaperr.tests.CustomersTest.customersFilterAndLogout(CustomersTest.java:31)
... 30 more
... Removed 32 stack frames]]>
    </failure>
  </testcase> <!-- customersFilterAndLogout -->
  <testcase classname="com.zaperr.tests.SettingsPageNavigationTest" name="settingsPageNavigation" time="156.726"/>
  <testcase classname="com.zaperr.tests.SettingsInviteUserPermissionsTest" name="inviteUserWithRandomPermissions" time="37.966"/>
  <testcase classname="com.zaperr.tests.SettingsGeneralTest" name="settingsGeneralUpdate" time="32.257"/>
  <testcase classname="com.zaperr.tests.SettingsOrdersTest" name="configureOrderSettings" time="15.209"/>
  <testcase classname="com.zaperr.tests.BaseTest" name="@BeforeSuite setupReport" time="0.0">
    <ignored/>
  </testcase> <!-- @BeforeSuite setupReport -->
  <testcase classname="com.zaperr.tests.BaseTest" name="@BeforeSuite setupReport" time="0.0">
    <ignored/>
  </testcase> <!-- @BeforeSuite setupReport -->
  <testcase classname="com.zaperr.tests.BaseTest" name="@BeforeSuite setupReport" time="0.0">
    <ignored/>
  </testcase> <!-- @BeforeSuite setupReport -->
  <testcase classname="com.zaperr.tests.BaseTest" name="@AfterSuite tearDownSuite" time="0.0">
    <ignored/>
  </testcase> <!-- @AfterSuite tearDownSuite -->
  <testcase classname="com.zaperr.tests.BaseTest" name="@AfterSuite tearDownSuite" time="0.0">
    <ignored/>
  </testcase> <!-- @AfterSuite tearDownSuite -->
  <testcase classname="com.zaperr.tests.BaseTest" name="@BeforeSuite setupReport" time="0.0">
    <ignored/>
  </testcase> <!-- @BeforeSuite setupReport -->
  <testcase classname="com.zaperr.tests.BaseTest" name="@BeforeSuite setupReport" time="0.0">
    <ignored/>
  </testcase> <!-- @BeforeSuite setupReport -->
  <testcase classname="com.zaperr.tests.BaseTest" name="@AfterSuite tearDownSuite" time="0.0">
    <ignored/>
  </testcase> <!-- @AfterSuite tearDownSuite -->
  <testcase classname="com.zaperr.tests.BaseTest" name="@AfterSuite tearDownSuite" time="0.0">
    <ignored/>
  </testcase> <!-- @AfterSuite tearDownSuite -->
  <testcase classname="com.zaperr.tests.BaseTest" name="@AfterSuite tearDownSuite" time="0.0">
    <ignored/>
  </testcase> <!-- @AfterSuite tearDownSuite -->
  <testcase classname="com.zaperr.tests.BaseTest" name="@BeforeSuite setupReport" time="0.0">
    <ignored/>
  </testcase> <!-- @BeforeSuite setupReport -->
  <testcase classname="com.zaperr.tests.BaseTest" name="@AfterSuite tearDownSuite" time="0.0">
    <ignored/>
  </testcase> <!-- @AfterSuite tearDownSuite -->
  <testcase classname="com.zaperr.tests.BaseTest" name="@BeforeSuite setupReport" time="0.0">
    <ignored/>
  </testcase> <!-- @BeforeSuite setupReport -->
  <testcase classname="com.zaperr.tests.BaseTest" name="@AfterSuite tearDownSuite" time="0.0">
    <ignored/>
  </testcase> <!-- @AfterSuite tearDownSuite -->
  <testcase classname="com.zaperr.tests.BaseTest" name="@BeforeSuite setupReport" time="0.0">
    <ignored/>
  </testcase> <!-- @BeforeSuite setupReport -->
  <testcase classname="com.zaperr.tests.BaseTest" name="@AfterSuite tearDownSuite" time="0.0">
    <ignored/>
  </testcase> <!-- @AfterSuite tearDownSuite -->
</testsuite> <!-- Zaperr Admin Panel Tests -->
