<?xml version="1.0" encoding="UTF-8"?>
<testng-results ignored="0" total="2" passed="2" failed="0" skipped="0">
  <reporter-output>
  </reporter-output>
  <suite started-at="2025-11-25T17:56:16 IST" name="Zaperr Test Suite" finished-at="2025-11-25T17:57:16 IST" duration-ms="60515">
    <groups>
    </groups>
    <test started-at="2025-11-25T17:56:16 IST" name="Login Tests" finished-at="2025-11-25T17:57:16 IST" duration-ms="60515">
      <class name="com.zaperr.tests.LoginTest">
        <test-method is-config="true" signature="setupReport()[pri:0, instance:com.zaperr.tests.LoginTest@36bc55de]" started-at="2025-11-25T17:56:15 IST" name="setupReport" finished-at="2025-11-25T17:56:16 IST" duration-ms="374" status="PASS">
          <reporter-output>
          </reporter-output>
        </test-method> <!-- setupReport -->
        <test-method is-config="true" signature="setUpBrowser()[pri:0, instance:com.zaperr.tests.LoginTest@36bc55de]" started-at="2025-11-25T17:56:16 IST" name="setUpBrowser" finished-at="2025-11-25T17:56:19 IST" duration-ms="2997" status="PASS">
          <reporter-output>
          </reporter-output>
        </test-method> <!-- setUpBrowser -->
        <test-method signature="validLoginTest()[pri:1, instance:com.zaperr.tests.LoginTest@36bc55de]" started-at="2025-11-25T17:56:19 IST" name="validLoginTest" finished-at="2025-11-25T17:56:34 IST" duration-ms="15157" status="PASS">
          <reporter-output>
          </reporter-output>
        </test-method> <!-- validLoginTest -->
        <test-method signature="invalidLoginTest()[pri:2, instance:com.zaperr.tests.LoginTest@36bc55de]" started-at="2025-11-25T17:56:34 IST" name="invalidLoginTest" finished-at="2025-11-25T17:57:16 IST" duration-ms="42315" status="PASS">
          <reporter-output>
          </reporter-output>
        </test-method> <!-- invalidLoginTest -->
        <test-method is-config="true" signature="tearDown()[pri:0, instance:com.zaperr.tests.LoginTest@36bc55de]" started-at="2025-11-25T17:57:16 IST" name="tearDown" finished-at="2025-11-25T17:57:17 IST" duration-ms="588" status="PASS">
          <reporter-output>
          </reporter-output>
        </test-method> <!-- tearDown -->
      </class> <!-- com.zaperr.tests.LoginTest -->
    </test> <!-- Login Tests -->
  </suite> <!-- Zaperr Test Suite -->
</testng-results>
