<?xml version="1.0" encoding="UTF-8"?>
<testng-results ignored="0" total="9" passed="6" failed="3" skipped="0">
  <reporter-output>
  </reporter-output>
  <suite started-at="2025-12-08T17:51:49 IST" name="Zaperr Test Suite" finished-at="2025-12-08T17:58:42 IST" duration-ms="413349">
    <groups>
    </groups>
    <test started-at="2025-12-08T17:51:49 IST" name="Zaperr Admin Panel Tests" finished-at="2025-12-08T17:58:42 IST" duration-ms="413349">
      <class name="com.zaperr.tests.SettingsInviteUserPermissionsTest">
        <test-method is-config="true" signature="setUpBrowser()[pri:0, instance:com.zaperr.tests.SettingsInviteUserPermissionsTest@67c27493]" started-at="2025-12-08T17:57:20 IST" name="setUpBrowser" finished-at="2025-12-08T17:57:21 IST" duration-ms="782" status="PASS">
          <reporter-output>
          </reporter-output>
        </test-method> <!-- setUpBrowser -->
        <test-method signature="inviteUserWithRandomPermissions()[pri:7, instance:com.zaperr.tests.SettingsInviteUserPermissionsTest@67c27493]" started-at="2025-12-08T17:57:21 IST" name="inviteUserWithRandomPermissions" finished-at="2025-12-08T17:57:59 IST" duration-ms="37699" status="PASS">
          <reporter-output>
          </reporter-output>
        </test-method> <!-- inviteUserWithRandomPermissions -->
        <test-method is-config="true" signature="quitBrowser()[pri:0, instance:com.zaperr.tests.SettingsInviteUserPermissionsTest@67c27493]" started-at="2025-12-08T17:57:59 IST" name="quitBrowser" finished-at="2025-12-08T17:57:59 IST" duration-ms="208" status="PASS">
          <reporter-output>
          </reporter-output>
        </test-method> <!-- quitBrowser -->
      </class> <!-- com.zaperr.tests.SettingsInviteUserPermissionsTest -->
      <class name="com.zaperr.tests.OrdersStatusUpdateOrderAssignTest">
        <test-method is-config="true" signature="setUpBrowser()[pri:0, instance:com.zaperr.tests.OrdersStatusUpdateOrderAssignTest@1b7cc17c]" started-at="2025-12-08T17:52:54 IST" name="setUpBrowser" finished-at="2025-12-08T17:52:55 IST" duration-ms="789" status="PASS">
          <reporter-output>
          </reporter-output>
        </test-method> <!-- setUpBrowser -->
        <test-method signature="ordersStatusUpdateAndAssign()[pri:4, instance:com.zaperr.tests.OrdersStatusUpdateOrderAssignTest@1b7cc17c]" started-at="2025-12-08T17:52:55 IST" name="ordersStatusUpdateAndAssign" finished-at="2025-12-08T17:53:09 IST" duration-ms="14469" status="PASS">
          <reporter-output>
          </reporter-output>
        </test-method> <!-- ordersStatusUpdateAndAssign -->
        <test-method is-config="true" signature="quitBrowser()[pri:0, instance:com.zaperr.tests.OrdersStatusUpdateOrderAssignTest@1b7cc17c]" started-at="2025-12-08T17:53:09 IST" name="quitBrowser" finished-at="2025-12-08T17:53:10 IST" duration-ms="167" status="PASS">
          <reporter-output>
          </reporter-output>
        </test-method> <!-- quitBrowser -->
      </class> <!-- com.zaperr.tests.OrdersStatusUpdateOrderAssignTest -->
      <class name="com.zaperr.tests.MerchantOrFAdminAutoLoginTest">
        <test-method is-config="true" signature="setUpBrowser()[pri:0, instance:com.zaperr.tests.MerchantOrFAdminAutoLoginTest@4efbca5a]" started-at="2025-12-08T17:52:36 IST" name="setUpBrowser" finished-at="2025-12-08T17:52:36 IST" duration-ms="728" status="PASS">
          <reporter-output>
          </reporter-output>
        </test-method> <!-- setUpBrowser -->
        <test-method signature="merchantOrFAdminAutoLogin()[pri:3, instance:com.zaperr.tests.MerchantOrFAdminAutoLoginTest@4efbca5a]" started-at="2025-12-08T17:52:36 IST" name="merchantOrFAdminAutoLogin" finished-at="2025-12-08T17:52:54 IST" duration-ms="17562" status="PASS">
          <reporter-output>
          </reporter-output>
        </test-method> <!-- merchantOrFAdminAutoLogin -->
        <test-method is-config="true" signature="quitBrowser()[pri:0, instance:com.zaperr.tests.MerchantOrFAdminAutoLoginTest@4efbca5a]" started-at="2025-12-08T17:52:54 IST" name="quitBrowser" finished-at="2025-12-08T17:52:54 IST" duration-ms="198" status="PASS">
          <reporter-output>
          </reporter-output>
        </test-method> <!-- quitBrowser -->
      </class> <!-- com.zaperr.tests.MerchantOrFAdminAutoLoginTest -->
      <class name="com.zaperr.tests.CustomersTest">
        <test-method is-config="true" signature="setUpBrowser()[pri:0, instance:com.zaperr.tests.CustomersTest@59662a0b]" started-at="2025-12-08T17:53:10 IST" name="setUpBrowser" finished-at="2025-12-08T17:53:10 IST" duration-ms="741" status="PASS">
          <reporter-output>
          </reporter-output>
        </test-method> <!-- setUpBrowser -->
        <test-method signature="customersFilterAndLogout()[pri:5, instance:com.zaperr.tests.CustomersTest@59662a0b]" started-at="2025-12-08T17:53:10 IST" name="customersFilterAndLogout" finished-at="2025-12-08T17:54:24 IST" duration-ms="73439" status="PASS">
          <reporter-output>
          </reporter-output>
        </test-method> <!-- customersFilterAndLogout -->
        <test-method is-config="true" signature="quitBrowser()[pri:0, instance:com.zaperr.tests.CustomersTest@59662a0b]" started-at="2025-12-08T17:54:24 IST" name="quitBrowser" finished-at="2025-12-08T17:54:24 IST" duration-ms="270" status="PASS">
          <reporter-output>
          </reporter-output>
        </test-method> <!-- quitBrowser -->
      </class> <!-- com.zaperr.tests.CustomersTest -->
      <class name="com.zaperr.tests.SettingsPageNavigationTest">
        <test-method is-config="true" signature="setUpBrowser()[pri:0, instance:com.zaperr.tests.SettingsPageNavigationTest@77fbd92c]" started-at="2025-12-08T17:54:24 IST" name="setUpBrowser" finished-at="2025-12-08T17:54:25 IST" duration-ms="753" status="PASS">
          <reporter-output>
          </reporter-output>
        </test-method> <!-- setUpBrowser -->
        <test-method signature="settingsPageNavigation()[pri:6, instance:com.zaperr.tests.SettingsPageNavigationTest@77fbd92c]" started-at="2025-12-08T17:54:25 IST" name="settingsPageNavigation" finished-at="2025-12-08T17:57:20 IST" duration-ms="175140" status="PASS">
          <reporter-output>
          </reporter-output>
        </test-method> <!-- settingsPageNavigation -->
        <test-method is-config="true" signature="quitBrowser()[pri:0, instance:com.zaperr.tests.SettingsPageNavigationTest@77fbd92c]" started-at="2025-12-08T17:57:20 IST" name="quitBrowser" finished-at="2025-12-08T17:57:20 IST" duration-ms="38" status="PASS">
          <reporter-output>
          </reporter-output>
        </test-method> <!-- quitBrowser -->
      </class> <!-- com.zaperr.tests.SettingsPageNavigationTest -->
      <class name="com.zaperr.tests.DashboardMenuButtonNavigationTest">
        <test-method is-config="true" signature="setUpBrowser()[pri:0, instance:com.zaperr.tests.DashboardMenuButtonNavigationTest@6069db50]" started-at="2025-12-08T17:52:05 IST" name="setUpBrowser" finished-at="2025-12-08T17:52:06 IST" duration-ms="903" status="PASS">
          <reporter-output>
          </reporter-output>
        </test-method> <!-- setUpBrowser -->
        <test-method signature="dashboardMenuNavigation()[pri:2, instance:com.zaperr.tests.DashboardMenuButtonNavigationTest@6069db50]" started-at="2025-12-08T17:52:06 IST" name="dashboardMenuNavigation" finished-at="2025-12-08T17:52:35 IST" duration-ms="29725" status="PASS">
          <reporter-output>
          </reporter-output>
        </test-method> <!-- dashboardMenuNavigation -->
        <test-method is-config="true" signature="quitBrowser()[pri:0, instance:com.zaperr.tests.DashboardMenuButtonNavigationTest@6069db50]" started-at="2025-12-08T17:52:35 IST" name="quitBrowser" finished-at="2025-12-08T17:52:36 IST" duration-ms="329" status="PASS">
          <reporter-output>
          </reporter-output>
        </test-method> <!-- quitBrowser -->
      </class> <!-- com.zaperr.tests.DashboardMenuButtonNavigationTest -->
      <class name="com.zaperr.tests.LoginLogoutTest">
        <test-method is-config="true" signature="setupReport()[pri:0, instance:com.zaperr.tests.LoginLogoutTest@6adbc9d]" started-at="2025-12-08T17:51:49 IST" name="setupReport" finished-at="2025-12-08T17:51:49 IST" duration-ms="262" status="PASS">
          <reporter-output>
          </reporter-output>
        </test-method> <!-- setupReport -->
        <test-method is-config="true" signature="setUpBrowser()[pri:0, instance:com.zaperr.tests.LoginLogoutTest@6adbc9d]" started-at="2025-12-08T17:51:49 IST" name="setUpBrowser" finished-at="2025-12-08T17:51:51 IST" duration-ms="1580" status="PASS">
          <reporter-output>
          </reporter-output>
        </test-method> <!-- setUpBrowser -->
        <test-method signature="loginLogoutFlow()[pri:1, instance:com.zaperr.tests.LoginLogoutTest@6adbc9d]" started-at="2025-12-08T17:51:51 IST" name="loginLogoutFlow" finished-at="2025-12-08T17:52:04 IST" duration-ms="13832" status="FAIL">
          <exception class="java.lang.RuntimeException">
            <message>
              <![CDATA[org.openqa.selenium.ElementClickInterceptedException: element click intercepted: Element <div class="MuiAvatar-root MuiAvatar-circular MuiAvatar-colorDefault css-tqe8qa-MuiAvatar-root">...</div> is not clickable at point (1209, 32). Other element would receive the click: <div class="css-183mqmm">...</div>
  (Session info: chrome=142.0.7444.176)
Build info: version: '4.25.0', revision: '8a8aea2337'
System info: os.name: 'Windows 11', os.arch: 'amd64', os.version: '10.0', java.version: '22.0.2'
Driver info: org.openqa.selenium.chrome.ChromeDriver
Command: [4d955dad9e0f061c00b7c0c2cb7435bf, clickElement {id=f.3F7BF88C7630E2437614BD2633884C08.d.ADD8AB293C9848D28BCE83431F9974E2.e.40}]
Capabilities {acceptInsecureCerts: false, browserName: chrome, browserVersion: 142.0.7444.176, chrome: {chromedriverVersion: 141.0.7390.78 (2b53b0e231fc..., userDataDir: C:\Users\user\AppData\Local...}, fedcm:accounts: true, goog:chromeOptions: {debuggerAddress: localhost:49856}, networkConnectionEnabled: false, pageLoadStrategy: normal, platformName: windows, proxy: Proxy(), se:cdp: ws://localhost:49856/devtoo..., se:cdpVersion: 142.0.7444.176, setWindowRect: true, strictFileInteractability: false, timeouts: {implicit: 0, pageLoad: 300000, script: 30000}, unhandledPromptBehavior: dismiss and notify, webauthn:extension:credBlob: true, webauthn:extension:largeBlob: true, webauthn:extension:minPinLength: true, webauthn:extension:prf: true, webauthn:virtualAuthenticators: true}
Element: [[ChromeDriver: chrome on windows (4d955dad9e0f061c00b7c0c2cb7435bf)] -> css selector: .MuiAvatar-root]
Session ID: 4d955dad9e0f061c00b7c0c2cb7435bf]]>
            </message>
            <full-stacktrace>
              <![CDATA[java.lang.RuntimeException: org.openqa.selenium.ElementClickInterceptedException: element click intercepted: Element <div class="MuiAvatar-root MuiAvatar-circular MuiAvatar-colorDefault css-tqe8qa-MuiAvatar-root">...</div> is not clickable at point (1209, 32). Other element would receive the click: <div class="css-183mqmm">...</div>
  (Session info: chrome=142.0.7444.176)
Build info: version: '4.25.0', revision: '8a8aea2337'
System info: os.name: 'Windows 11', os.arch: 'amd64', os.version: '10.0', java.version: '22.0.2'
Driver info: org.openqa.selenium.chrome.ChromeDriver
Command: [4d955dad9e0f061c00b7c0c2cb7435bf, clickElement {id=f.3F7BF88C7630E2437614BD2633884C08.d.ADD8AB293C9848D28BCE83431F9974E2.e.40}]
Capabilities {acceptInsecureCerts: false, browserName: chrome, browserVersion: 142.0.7444.176, chrome: {chromedriverVersion: 141.0.7390.78 (2b53b0e231fc..., userDataDir: C:\Users\user\AppData\Local...}, fedcm:accounts: true, goog:chromeOptions: {debuggerAddress: localhost:49856}, networkConnectionEnabled: false, pageLoadStrategy: normal, platformName: windows, proxy: Proxy(), se:cdp: ws://localhost:49856/devtoo..., se:cdpVersion: 142.0.7444.176, setWindowRect: true, strictFileInteractability: false, timeouts: {implicit: 0, pageLoad: 300000, script: 30000}, unhandledPromptBehavior: dismiss and notify, webauthn:extension:credBlob: true, webauthn:extension:largeBlob: true, webauthn:extension:minPinLength: true, webauthn:extension:prf: true, webauthn:virtualAuthenticators: true}
Element: [[ChromeDriver: chrome on windows (4d955dad9e0f061c00b7c0c2cb7435bf)] -> css selector: .MuiAvatar-root]
Session ID: 4d955dad9e0f061c00b7c0c2cb7435bf
at com.zaperr.tests.LoginLogoutTest.loginLogoutFlow(LoginLogoutTest.java:50)
at java.base/jdk.internal.reflect.DirectMethodHandleAccessor.invoke(DirectMethodHandleAccessor.java:103)
at java.base/java.lang.reflect.Method.invoke(Method.java:580)
at org.testng.internal.invokers.MethodInvocationHelper.invokeMethod(MethodInvocationHelper.java:141)
at org.testng.internal.invokers.TestInvoker.invokeMethod(TestInvoker.java:686)
at org.testng.internal.invokers.TestInvoker.invokeTestMethod(TestInvoker.java:230)
at org.testng.internal.invokers.MethodRunner.runInSequence(MethodRunner.java:63)
at org.testng.internal.invokers.TestInvoker$MethodInvocationAgent.invoke(TestInvoker.java:992)
at org.testng.internal.invokers.TestInvoker.invokeTestMethods(TestInvoker.java:203)
at org.testng.internal.invokers.TestMethodWorker.invokeTestMethods(TestMethodWorker.java:154)
at org.testng.internal.invokers.TestMethodWorker.run(TestMethodWorker.java:134)
at java.base/java.util.ArrayList.forEach(ArrayList.java:1597)
at org.testng.TestRunner.privateRun(TestRunner.java:739)
at org.testng.TestRunner.run(TestRunner.java:614)
at org.testng.SuiteRunner.runTest(SuiteRunner.java:421)
at org.testng.SuiteRunner.runSequentially(SuiteRunner.java:413)
at org.testng.SuiteRunner.privateRun(SuiteRunner.java:373)
at org.testng.SuiteRunner.run(SuiteRunner.java:312)
at org.testng.SuiteRunnerWorker.runSuite(SuiteRunnerWorker.java:52)
at org.testng.SuiteRunnerWorker.run(SuiteRunnerWorker.java:95)
at org.testng.TestNG.runSuitesSequentially(TestNG.java:1274)
at org.testng.TestNG.runSuitesLocally(TestNG.java:1208)
at org.testng.TestNG.runSuites(TestNG.java:1112)
at org.testng.TestNG.run(TestNG.java:1079)
at org.apache.maven.surefire.testng.TestNGExecutor.run(TestNGExecutor.java:308)
at org.apache.maven.surefire.testng.TestNGXmlTestSuite.execute(TestNGXmlTestSuite.java:71)
at org.apache.maven.surefire.testng.TestNGProvider.invoke(TestNGProvider.java:113)
at org.apache.maven.surefire.booter.ForkedBooter.runSuitesInProcess(ForkedBooter.java:385)
at org.apache.maven.surefire.booter.ForkedBooter.execute(ForkedBooter.java:162)
at org.apache.maven.surefire.booter.ForkedBooter.run(ForkedBooter.java:507)
at org.apache.maven.surefire.booter.ForkedBooter.main(ForkedBooter.java:495)
Caused by: org.openqa.selenium.ElementClickInterceptedException: element click intercepted: Element <div class="MuiAvatar-root MuiAvatar-circular MuiAvatar-colorDefault css-tqe8qa-MuiAvatar-root">...</div> is not clickable at point (1209, 32). Other element would receive the click: <div class="css-183mqmm">...</div>
  (Session info: chrome=142.0.7444.176)
Build info: version: '4.25.0', revision: '8a8aea2337'
System info: os.name: 'Windows 11', os.arch: 'amd64', os.version: '10.0', java.version: '22.0.2'
Driver info: org.openqa.selenium.chrome.ChromeDriver
Command: [4d955dad9e0f061c00b7c0c2cb7435bf, clickElement {id=f.3F7BF88C7630E2437614BD2633884C08.d.ADD8AB293C9848D28BCE83431F9974E2.e.40}]
Capabilities {acceptInsecureCerts: false, browserName: chrome, browserVersion: 142.0.7444.176, chrome: {chromedriverVersion: 141.0.7390.78 (2b53b0e231fc..., userDataDir: C:\Users\user\AppData\Local...}, fedcm:accounts: true, goog:chromeOptions: {debuggerAddress: localhost:49856}, networkConnectionEnabled: false, pageLoadStrategy: normal, platformName: windows, proxy: Proxy(), se:cdp: ws://localhost:49856/devtoo..., se:cdpVersion: 142.0.7444.176, setWindowRect: true, strictFileInteractability: false, timeouts: {implicit: 0, pageLoad: 300000, script: 30000}, unhandledPromptBehavior: dismiss and notify, webauthn:extension:credBlob: true, webauthn:extension:largeBlob: true, webauthn:extension:minPinLength: true, webauthn:extension:prf: true, webauthn:virtualAuthenticators: true}
Element: [[ChromeDriver: chrome on windows (4d955dad9e0f061c00b7c0c2cb7435bf)] -> css selector: .MuiAvatar-root]
Session ID: 4d955dad9e0f061c00b7c0c2cb7435bf
at java.base/jdk.internal.reflect.DirectConstructorHandleAccessor.newInstance(DirectConstructorHandleAccessor.java:62)
at java.base/java.lang.reflect.Constructor.newInstanceWithCaller(Constructor.java:502)
at java.base/java.lang.reflect.Constructor.newInstance(Constructor.java:486)
at org.openqa.selenium.remote.ErrorCodec.decode(ErrorCodec.java:167)
at org.openqa.selenium.remote.codec.w3c.W3CHttpResponseCodec.decode(W3CHttpResponseCodec.java:138)
at org.openqa.selenium.remote.codec.w3c.W3CHttpResponseCodec.decode(W3CHttpResponseCodec.java:50)
at org.openqa.selenium.remote.HttpCommandExecutor.execute(HttpCommandExecutor.java:190)
at org.openqa.selenium.remote.service.DriverCommandExecutor.invokeExecute(DriverCommandExecutor.java:216)
at org.openqa.selenium.remote.service.DriverCommandExecutor.execute(DriverCommandExecutor.java:174)
at org.openqa.selenium.remote.RemoteWebDriver.execute(RemoteWebDriver.java:545)
at org.openqa.selenium.remote.RemoteWebElement.execute(RemoteWebElement.java:223)
at org.openqa.selenium.remote.RemoteWebElement.click(RemoteWebElement.java:76)
at com.zaperr.tests.LoginLogoutTest.loginLogoutFlow(LoginLogoutTest.java:26)
... 30 more
]]>
            </full-stacktrace>
          </exception> <!-- java.lang.RuntimeException -->
          <reporter-output>
          </reporter-output>
        </test-method> <!-- loginLogoutFlow -->
        <test-method is-config="true" signature="quitBrowser()[pri:0, instance:com.zaperr.tests.LoginLogoutTest@6adbc9d]" started-at="2025-12-08T17:52:04 IST" name="quitBrowser" finished-at="2025-12-08T17:52:05 IST" duration-ms="269" status="PASS">
          <reporter-output>
          </reporter-output>
        </test-method> <!-- quitBrowser -->
        <test-method is-config="true" signature="tearDownSuite()[pri:0, instance:com.zaperr.tests.LoginLogoutTest@6adbc9d]" started-at="2025-12-08T17:58:42 IST" name="tearDownSuite" finished-at="2025-12-08T17:58:43 IST" duration-ms="387" status="PASS">
          <reporter-output>
          </reporter-output>
        </test-method> <!-- tearDownSuite -->
      </class> <!-- com.zaperr.tests.LoginLogoutTest -->
      <class name="com.zaperr.tests.SettingsOrdersTest">
        <test-method is-config="true" signature="setUpBrowser()[pri:0, instance:com.zaperr.tests.SettingsOrdersTest@72967906]" started-at="2025-12-08T17:58:20 IST" name="setUpBrowser" finished-at="2025-12-08T17:58:21 IST" duration-ms="818" status="PASS">
          <reporter-output>
          </reporter-output>
        </test-method> <!-- setUpBrowser -->
        <test-method signature="configureOrderSettings()[pri:9, instance:com.zaperr.tests.SettingsOrdersTest@72967906]" started-at="2025-12-08T17:58:21 IST" name="configureOrderSettings" finished-at="2025-12-08T17:58:42 IST" duration-ms="20827" status="FAIL">
          <exception class="java.lang.RuntimeException">
            <message>
              <![CDATA[org.openqa.selenium.TimeoutException: Expected condition failed: waiting for visibility of element located by By.xpath: //input[@autocomplete='email'] (tried for 20 second(s) with 500 milliseconds interval)
Build info: version: '4.25.0', revision: '8a8aea2337'
System info: os.name: 'Windows 11', os.arch: 'amd64', os.version: '10.0', java.version: '22.0.2'
Driver info: org.openqa.selenium.chrome.ChromeDriver
Capabilities {acceptInsecureCerts: false, browserName: chrome, browserVersion: 142.0.7444.176, chrome: {chromedriverVersion: 141.0.7390.78 (2b53b0e231fc..., userDataDir: C:\Users\user\AppData\Local...}, fedcm:accounts: true, goog:chromeOptions: {debuggerAddress: localhost:58634}, networkConnectionEnabled: false, pageLoadStrategy: normal, platformName: windows, proxy: Proxy(), se:cdp: ws://localhost:58634/devtoo..., se:cdpVersion: 142.0.7444.176, setWindowRect: true, strictFileInteractability: false, timeouts: {implicit: 0, pageLoad: 300000, script: 30000}, unhandledPromptBehavior: dismiss and notify, webauthn:extension:credBlob: true, webauthn:extension:largeBlob: true, webauthn:extension:minPinLength: true, webauthn:extension:prf: true, webauthn:virtualAuthenticators: true}
Session ID: 9d6e9e8f2a6ea6fdd847df589f5097f9]]>
            </message>
            <full-stacktrace>
              <![CDATA[java.lang.RuntimeException: org.openqa.selenium.TimeoutException: Expected condition failed: waiting for visibility of element located by By.xpath: //input[@autocomplete='email'] (tried for 20 second(s) with 500 milliseconds interval)
Build info: version: '4.25.0', revision: '8a8aea2337'
System info: os.name: 'Windows 11', os.arch: 'amd64', os.version: '10.0', java.version: '22.0.2'
Driver info: org.openqa.selenium.chrome.ChromeDriver
Capabilities {acceptInsecureCerts: false, browserName: chrome, browserVersion: 142.0.7444.176, chrome: {chromedriverVersion: 141.0.7390.78 (2b53b0e231fc..., userDataDir: C:\Users\user\AppData\Local...}, fedcm:accounts: true, goog:chromeOptions: {debuggerAddress: localhost:58634}, networkConnectionEnabled: false, pageLoadStrategy: normal, platformName: windows, proxy: Proxy(), se:cdp: ws://localhost:58634/devtoo..., se:cdpVersion: 142.0.7444.176, setWindowRect: true, strictFileInteractability: false, timeouts: {implicit: 0, pageLoad: 300000, script: 30000}, unhandledPromptBehavior: dismiss and notify, webauthn:extension:credBlob: true, webauthn:extension:largeBlob: true, webauthn:extension:minPinLength: true, webauthn:extension:prf: true, webauthn:virtualAuthenticators: true}
Session ID: 9d6e9e8f2a6ea6fdd847df589f5097f9
at com.zaperr.tests.SettingsOrdersTest.configureOrderSettings(SettingsOrdersTest.java:163)
at java.base/jdk.internal.reflect.DirectMethodHandleAccessor.invoke(DirectMethodHandleAccessor.java:103)
at java.base/java.lang.reflect.Method.invoke(Method.java:580)
at org.testng.internal.invokers.MethodInvocationHelper.invokeMethod(MethodInvocationHelper.java:141)
at org.testng.internal.invokers.TestInvoker.invokeMethod(TestInvoker.java:686)
at org.testng.internal.invokers.TestInvoker.invokeTestMethod(TestInvoker.java:230)
at org.testng.internal.invokers.MethodRunner.runInSequence(MethodRunner.java:63)
at org.testng.internal.invokers.TestInvoker$MethodInvocationAgent.invoke(TestInvoker.java:992)
at org.testng.internal.invokers.TestInvoker.invokeTestMethods(TestInvoker.java:203)
at org.testng.internal.invokers.TestMethodWorker.invokeTestMethods(TestMethodWorker.java:154)
at org.testng.internal.invokers.TestMethodWorker.run(TestMethodWorker.java:134)
at java.base/java.util.ArrayList.forEach(ArrayList.java:1597)
at org.testng.TestRunner.privateRun(TestRunner.java:739)
at org.testng.TestRunner.run(TestRunner.java:614)
at org.testng.SuiteRunner.runTest(SuiteRunner.java:421)
at org.testng.SuiteRunner.runSequentially(SuiteRunner.java:413)
at org.testng.SuiteRunner.privateRun(SuiteRunner.java:373)
at org.testng.SuiteRunner.run(SuiteRunner.java:312)
at org.testng.SuiteRunnerWorker.runSuite(SuiteRunnerWorker.java:52)
at org.testng.SuiteRunnerWorker.run(SuiteRunnerWorker.java:95)
at org.testng.TestNG.runSuitesSequentially(TestNG.java:1274)
at org.testng.TestNG.runSuitesLocally(TestNG.java:1208)
at org.testng.TestNG.runSuites(TestNG.java:1112)
at org.testng.TestNG.run(TestNG.java:1079)
at org.apache.maven.surefire.testng.TestNGExecutor.run(TestNGExecutor.java:308)
at org.apache.maven.surefire.testng.TestNGXmlTestSuite.execute(TestNGXmlTestSuite.java:71)
at org.apache.maven.surefire.testng.TestNGProvider.invoke(TestNGProvider.java:113)
at org.apache.maven.surefire.booter.ForkedBooter.runSuitesInProcess(ForkedBooter.java:385)
at org.apache.maven.surefire.booter.ForkedBooter.execute(ForkedBooter.java:162)
at org.apache.maven.surefire.booter.ForkedBooter.run(ForkedBooter.java:507)
at org.apache.maven.surefire.booter.ForkedBooter.main(ForkedBooter.java:495)
Caused by: org.openqa.selenium.TimeoutException: Expected condition failed: waiting for visibility of element located by By.xpath: //input[@autocomplete='email'] (tried for 20 second(s) with 500 milliseconds interval)
Build info: version: '4.25.0', revision: '8a8aea2337'
System info: os.name: 'Windows 11', os.arch: 'amd64', os.version: '10.0', java.version: '22.0.2'
Driver info: org.openqa.selenium.chrome.ChromeDriver
Capabilities {acceptInsecureCerts: false, browserName: chrome, browserVersion: 142.0.7444.176, chrome: {chromedriverVersion: 141.0.7390.78 (2b53b0e231fc..., userDataDir: C:\Users\user\AppData\Local...}, fedcm:accounts: true, goog:chromeOptions: {debuggerAddress: localhost:58634}, networkConnectionEnabled: false, pageLoadStrategy: normal, platformName: windows, proxy: Proxy(), se:cdp: ws://localhost:58634/devtoo..., se:cdpVersion: 142.0.7444.176, setWindowRect: true, strictFileInteractability: false, timeouts: {implicit: 0, pageLoad: 300000, script: 30000}, unhandledPromptBehavior: dismiss and notify, webauthn:extension:credBlob: true, webauthn:extension:largeBlob: true, webauthn:extension:minPinLength: true, webauthn:extension:prf: true, webauthn:virtualAuthenticators: true}
Session ID: 9d6e9e8f2a6ea6fdd847df589f5097f9
at org.openqa.selenium.support.ui.WebDriverWait.timeoutException(WebDriverWait.java:84)
at org.openqa.selenium.support.ui.FluentWait.until(FluentWait.java:228)
at com.zaperr.tests.BaseTest.login(BaseTest.java:72)
at com.zaperr.tests.SettingsOrdersTest.configureOrderSettings(SettingsOrdersTest.java:20)
... 30 more
]]>
            </full-stacktrace>
          </exception> <!-- java.lang.RuntimeException -->
          <reporter-output>
          </reporter-output>
        </test-method> <!-- configureOrderSettings -->
        <test-method is-config="true" signature="quitBrowser()[pri:0, instance:com.zaperr.tests.SettingsOrdersTest@72967906]" started-at="2025-12-08T17:58:42 IST" name="quitBrowser" finished-at="2025-12-08T17:58:42 IST" duration-ms="251" status="PASS">
          <reporter-output>
          </reporter-output>
        </test-method> <!-- quitBrowser -->
      </class> <!-- com.zaperr.tests.SettingsOrdersTest -->
      <class name="com.zaperr.tests.SettingsGeneralTest">
        <test-method is-config="true" signature="setUpBrowser()[pri:0, instance:com.zaperr.tests.SettingsGeneralTest@1a482e36]" started-at="2025-12-08T17:57:59 IST" name="setUpBrowser" finished-at="2025-12-08T17:57:59 IST" duration-ms="777" status="PASS">
          <reporter-output>
          </reporter-output>
        </test-method> <!-- setUpBrowser -->
        <test-method signature="settingsGeneralUpdate()[pri:8, instance:com.zaperr.tests.SettingsGeneralTest@1a482e36]" started-at="2025-12-08T17:57:59 IST" name="settingsGeneralUpdate" finished-at="2025-12-08T17:58:20 IST" duration-ms="20810" status="FAIL">
          <exception class="java.lang.RuntimeException">
            <message>
              <![CDATA[org.openqa.selenium.TimeoutException: Expected condition failed: waiting for visibility of element located by By.xpath: //input[@autocomplete='email'] (tried for 20 second(s) with 500 milliseconds interval)
Build info: version: '4.25.0', revision: '8a8aea2337'
System info: os.name: 'Windows 11', os.arch: 'amd64', os.version: '10.0', java.version: '22.0.2'
Driver info: org.openqa.selenium.chrome.ChromeDriver
Capabilities {acceptInsecureCerts: false, browserName: chrome, browserVersion: 142.0.7444.176, chrome: {chromedriverVersion: 141.0.7390.78 (2b53b0e231fc..., userDataDir: C:\Users\user\AppData\Local...}, fedcm:accounts: true, goog:chromeOptions: {debuggerAddress: localhost:61414}, networkConnectionEnabled: false, pageLoadStrategy: normal, platformName: windows, proxy: Proxy(), se:cdp: ws://localhost:61414/devtoo..., se:cdpVersion: 142.0.7444.176, setWindowRect: true, strictFileInteractability: false, timeouts: {implicit: 0, pageLoad: 300000, script: 30000}, unhandledPromptBehavior: dismiss and notify, webauthn:extension:credBlob: true, webauthn:extension:largeBlob: true, webauthn:extension:minPinLength: true, webauthn:extension:prf: true, webauthn:virtualAuthenticators: true}
Session ID: 74f71b6a8c5d69f5920329b6a390f637]]>
            </message>
            <full-stacktrace>
              <![CDATA[java.lang.RuntimeException: org.openqa.selenium.TimeoutException: Expected condition failed: waiting for visibility of element located by By.xpath: //input[@autocomplete='email'] (tried for 20 second(s) with 500 milliseconds interval)
Build info: version: '4.25.0', revision: '8a8aea2337'
System info: os.name: 'Windows 11', os.arch: 'amd64', os.version: '10.0', java.version: '22.0.2'
Driver info: org.openqa.selenium.chrome.ChromeDriver
Capabilities {acceptInsecureCerts: false, browserName: chrome, browserVersion: 142.0.7444.176, chrome: {chromedriverVersion: 141.0.7390.78 (2b53b0e231fc..., userDataDir: C:\Users\user\AppData\Local...}, fedcm:accounts: true, goog:chromeOptions: {debuggerAddress: localhost:61414}, networkConnectionEnabled: false, pageLoadStrategy: normal, platformName: windows, proxy: Proxy(), se:cdp: ws://localhost:61414/devtoo..., se:cdpVersion: 142.0.7444.176, setWindowRect: true, strictFileInteractability: false, timeouts: {implicit: 0, pageLoad: 300000, script: 30000}, unhandledPromptBehavior: dismiss and notify, webauthn:extension:credBlob: true, webauthn:extension:largeBlob: true, webauthn:extension:minPinLength: true, webauthn:extension:prf: true, webauthn:virtualAuthenticators: true}
Session ID: 74f71b6a8c5d69f5920329b6a390f637
at com.zaperr.tests.SettingsGeneralTest.settingsGeneralUpdate(SettingsGeneralTest.java:114)
at java.base/jdk.internal.reflect.DirectMethodHandleAccessor.invoke(DirectMethodHandleAccessor.java:103)
at java.base/java.lang.reflect.Method.invoke(Method.java:580)
at org.testng.internal.invokers.MethodInvocationHelper.invokeMethod(MethodInvocationHelper.java:141)
at org.testng.internal.invokers.TestInvoker.invokeMethod(TestInvoker.java:686)
at org.testng.internal.invokers.TestInvoker.invokeTestMethod(TestInvoker.java:230)
at org.testng.internal.invokers.MethodRunner.runInSequence(MethodRunner.java:63)
at org.testng.internal.invokers.TestInvoker$MethodInvocationAgent.invoke(TestInvoker.java:992)
at org.testng.internal.invokers.TestInvoker.invokeTestMethods(TestInvoker.java:203)
at org.testng.internal.invokers.TestMethodWorker.invokeTestMethods(TestMethodWorker.java:154)
at org.testng.internal.invokers.TestMethodWorker.run(TestMethodWorker.java:134)
at java.base/java.util.ArrayList.forEach(ArrayList.java:1597)
at org.testng.TestRunner.privateRun(TestRunner.java:739)
at org.testng.TestRunner.run(TestRunner.java:614)
at org.testng.SuiteRunner.runTest(SuiteRunner.java:421)
at org.testng.SuiteRunner.runSequentially(SuiteRunner.java:413)
at org.testng.SuiteRunner.privateRun(SuiteRunner.java:373)
at org.testng.SuiteRunner.run(SuiteRunner.java:312)
at org.testng.SuiteRunnerWorker.runSuite(SuiteRunnerWorker.java:52)
at org.testng.SuiteRunnerWorker.run(SuiteRunnerWorker.java:95)
at org.testng.TestNG.runSuitesSequentially(TestNG.java:1274)
at org.testng.TestNG.runSuitesLocally(TestNG.java:1208)
at org.testng.TestNG.runSuites(TestNG.java:1112)
at org.testng.TestNG.run(TestNG.java:1079)
at org.apache.maven.surefire.testng.TestNGExecutor.run(TestNGExecutor.java:308)
at org.apache.maven.surefire.testng.TestNGXmlTestSuite.execute(TestNGXmlTestSuite.java:71)
at org.apache.maven.surefire.testng.TestNGProvider.invoke(TestNGProvider.java:113)
at org.apache.maven.surefire.booter.ForkedBooter.runSuitesInProcess(ForkedBooter.java:385)
at org.apache.maven.surefire.booter.ForkedBooter.execute(ForkedBooter.java:162)
at org.apache.maven.surefire.booter.ForkedBooter.run(ForkedBooter.java:507)
at org.apache.maven.surefire.booter.ForkedBooter.main(ForkedBooter.java:495)
Caused by: org.openqa.selenium.TimeoutException: Expected condition failed: waiting for visibility of element located by By.xpath: //input[@autocomplete='email'] (tried for 20 second(s) with 500 milliseconds interval)
Build info: version: '4.25.0', revision: '8a8aea2337'
System info: os.name: 'Windows 11', os.arch: 'amd64', os.version: '10.0', java.version: '22.0.2'
Driver info: org.openqa.selenium.chrome.ChromeDriver
Capabilities {acceptInsecureCerts: false, browserName: chrome, browserVersion: 142.0.7444.176, chrome: {chromedriverVersion: 141.0.7390.78 (2b53b0e231fc..., userDataDir: C:\Users\user\AppData\Local...}, fedcm:accounts: true, goog:chromeOptions: {debuggerAddress: localhost:61414}, networkConnectionEnabled: false, pageLoadStrategy: normal, platformName: windows, proxy: Proxy(), se:cdp: ws://localhost:61414/devtoo..., se:cdpVersion: 142.0.7444.176, setWindowRect: true, strictFileInteractability: false, timeouts: {implicit: 0, pageLoad: 300000, script: 30000}, unhandledPromptBehavior: dismiss and notify, webauthn:extension:credBlob: true, webauthn:extension:largeBlob: true, webauthn:extension:minPinLength: true, webauthn:extension:prf: true, webauthn:virtualAuthenticators: true}
Session ID: 74f71b6a8c5d69f5920329b6a390f637
at org.openqa.selenium.support.ui.WebDriverWait.timeoutException(WebDriverWait.java:84)
at org.openqa.selenium.support.ui.FluentWait.until(FluentWait.java:228)
at com.zaperr.tests.BaseTest.login(BaseTest.java:72)
at com.zaperr.tests.SettingsGeneralTest.settingsGeneralUpdate(SettingsGeneralTest.java:20)
... 30 more
]]>
            </full-stacktrace>
          </exception> <!-- java.lang.RuntimeException -->
          <reporter-output>
          </reporter-output>
        </test-method> <!-- settingsGeneralUpdate -->
        <test-method is-config="true" signature="quitBrowser()[pri:0, instance:com.zaperr.tests.SettingsGeneralTest@1a482e36]" started-at="2025-12-08T17:58:20 IST" name="quitBrowser" finished-at="2025-12-08T17:58:20 IST" duration-ms="167" status="PASS">
          <reporter-output>
          </reporter-output>
        </test-method> <!-- quitBrowser -->
      </class> <!-- com.zaperr.tests.SettingsGeneralTest -->
    </test> <!-- Zaperr Admin Panel Tests -->
  </suite> <!-- Zaperr Test Suite -->
</testng-results>
