<?xml version="1.0" encoding="UTF-8"?>
<testng-results ignored="0" total="1" passed="1" failed="0" skipped="0">
  <reporter-output>
  </reporter-output>
  <suite started-at="2025-11-27T12:28:49 IST" name="Surefire suite" finished-at="2025-11-27T12:30:18 IST" duration-ms="88611">
    <groups>
    </groups>
    <test started-at="2025-11-27T12:28:49 IST" name="Surefire test" finished-at="2025-11-27T12:30:18 IST" duration-ms="88611">
      <class name="com.zaperr.tests.CustomersTest">
        <test-method is-config="true" signature="setupReport()[pri:0, instance:com.zaperr.tests.CustomersTest@3c22fc4c]" started-at="2025-11-27T12:28:49 IST" name="setupReport" finished-at="2025-11-27T12:28:49 IST" duration-ms="699" status="PASS">
          <reporter-output>
          </reporter-output>
        </test-method> <!-- setupReport -->
        <test-method is-config="true" signature="setUpBrowser()[pri:0, instance:com.zaperr.tests.CustomersTest@3c22fc4c]" started-at="2025-11-27T12:28:49 IST" name="setUpBrowser" finished-at="2025-11-27T12:28:52 IST" duration-ms="2964" status="PASS">
          <reporter-output>
          </reporter-output>
        </test-method> <!-- setUpBrowser -->
        <test-method signature="customersFilterAndLogout()[pri:5, instance:com.zaperr.tests.CustomersTest@3c22fc4c]" started-at="2025-11-27T12:28:52 IST" name="customersFilterAndLogout" finished-at="2025-11-27T12:30:18 IST" duration-ms="85575" status="PASS">
          <reporter-output>
          </reporter-output>
        </test-method> <!-- customersFilterAndLogout -->
        <test-method is-config="true" signature="tearDown()[pri:0, instance:com.zaperr.tests.CustomersTest@3c22fc4c]" started-at="2025-11-27T12:30:18 IST" name="tearDown" finished-at="2025-11-27T12:30:20 IST" duration-ms="1747" status="PASS">
          <reporter-output>
          </reporter-output>
        </test-method> <!-- tearDown -->
      </class> <!-- com.zaperr.tests.CustomersTest -->
    </test> <!-- Surefire test -->
  </suite> <!-- Surefire suite -->
</testng-results>
