<?xml version="1.0" encoding="UTF-8"?>
<!-- Generated by org.testng.reporters.JUnitReportReporter -->
<testsuite hostname="Manikantha-Sindiri" failures="0" tests="1" name="com.zaperr.tests.SettingsInviteUserPermissionsTest" time="38.367" errors="0" timestamp="2025-12-03T15:18:53 IST" skipped="0">
  <testcase classname="com.zaperr.tests.SettingsInviteUserPermissionsTest" name="inviteUserWithRandomPermissions" time="38.367"/>
</testsuite> <!-- com.zaperr.tests.SettingsInviteUserPermissionsTest -->
