<?xml version="1.0" encoding="UTF-8"?>
<!-- Generated by org.testng.reporters.JUnitReportReporter -->
<testsuite hostname="Manikantha-Sindiri" failures="0" tests="2" name="com.zaperr.tests.LoginTest" time="57.472" errors="0" timestamp="2025-11-25T17:57:17 IST" skipped="0">
  <testcase classname="com.zaperr.tests.LoginTest" name="validLoginTest" time="15.157"/>
  <testcase classname="com.zaperr.tests.LoginTest" name="invalidLoginTest" time="42.315"/>
</testsuite> <!-- com.zaperr.tests.LoginTest -->
